2019-02-20 17:30:10,551 - D:\Python37\lib\site-packages\urllib3\connectionpool.py[line:205] - DEBUG: Starting new HTTP connection (1): ppgateway.cp61.ott.cibntv.net:80
2019-02-20 17:30:10,691 - D:\Python37\lib\site-packages\urllib3\connectionpool.py[line:393] - DEBUG: http://ppgateway.cp61.ott.cibntv.net:80 "GET /ott-web/live/v1/showMatchEvent.do?sdspMatchId=259988 HTTP/1.1" 200 None
2019-02-20 17:30:10,697 - D:\Python37\lib\site-packages\urllib3\connectionpool.py[line:205] - DEBUG: Starting new HTTP connection (1): test.psi.ppqa.com:80
2019-02-20 17:30:11,184 - D:\Python37\lib\site-packages\urllib3\connectionpool.py[line:393] - DEBUG: http://test.psi.ppqa.com:80 "GET /staticMsg/getMsg?appName=pptv.atv.sports HTTP/1.1" 200 940
2019-02-20 17:30:11,187 - D:\Python37\lib\site-packages\urllib3\connectionpool.py[line:205] - DEBUG: Starting new HTTP connection (1): api.passport.pptv.com:80
2019-02-20 17:30:11,315 - D:\Python37\lib\site-packages\urllib3\connectionpool.py[line:393] - DEBUG: http://api.passport.pptv.com:80 "GET /pptvExLogin.do?_source=ppsports&apptype=android&appversion=5.8.2&encryptUsername=jMB3BkxC6CpPHPKnuR5KewCIgztuMI%2FIZlE1hDTQyErIjnUi0Mgd20GNvxhkl6%2FMXABiwBSGt6%2By1QD1HfGmiA2E2TweY7b9V3rbSWAYI1STlpM7CfGQDDS62kcffZVlzp5g9rzYz8ZKqH5Zzi504nS6GEPTFoEYThh%2BLsvGgY0%3D&encryptPassword=Cn2GZ1sCo4j4QlEoLXCUOdl%2Bm%2B3kRMCSSgFM0NH4XmFuybs45dvjO%2BOkVW3wTwbtFKVoWtEg9I5i%2FNQVF2PkwNVQTjvuuozJlXqw9hImiZ9bDFM5z56PJGr%2BZzqXLUB2NGpDCc6vmeql1yueEkLmvA%2B6XThqA%2BJ1jwS29uNengQ%3D&appid=sports&appplt=aph&from=aph&channel=208000202030&format=json HTTP/1.1" 200 None
2019-02-20 17:33:11,755 - D:\Python37\lib\site-packages\urllib3\connectionpool.py[line:205] - DEBUG: Starting new HTTP connection (1): ppgateway.cp61.ott.cibntv.net:80
2019-02-20 17:33:11,839 - D:\Python37\lib\site-packages\urllib3\connectionpool.py[line:393] - DEBUG: http://ppgateway.cp61.ott.cibntv.net:80 "GET /ott-web/live/v1/showMatchEvent.do?sdspMatchId=259988 HTTP/1.1" 200 None
2019-02-20 17:33:11,842 - D:\Python37\lib\site-packages\urllib3\connectionpool.py[line:205] - DEBUG: Starting new HTTP connection (1): test.psi.ppqa.com:80
2019-02-20 17:33:12,287 - D:\Python37\lib\site-packages\urllib3\connectionpool.py[line:393] - DEBUG: http://test.psi.ppqa.com:80 "GET /staticMsg/getMsg?appName=pptv.atv.sports HTTP/1.1" 200 940
2019-02-20 17:33:12,291 - D:\Python37\lib\site-packages\urllib3\connectionpool.py[line:205] - DEBUG: Starting new HTTP connection (1): api.passport.pptv.com:80
2019-02-20 17:33:12,406 - D:\Python37\lib\site-packages\urllib3\connectionpool.py[line:393] - DEBUG: http://api.passport.pptv.com:80 "GET /pptvExLogin.do?_source=ppsports&apptype=android&appversion=5.8.2&encryptUsername=jMB3BkxC6CpPHPKnuR5KewCIgztuMI%2FIZlE1hDTQyErIjnUi0Mgd20GNvxhkl6%2FMXABiwBSGt6%2By1QD1HfGmiA2E2TweY7b9V3rbSWAYI1STlpM7CfGQDDS62kcffZVlzp5g9rzYz8ZKqH5Zzi504nS6GEPTFoEYThh%2BLsvGgY0%3D&encryptPassword=Cn2GZ1sCo4j4QlEoLXCUOdl%2Bm%2B3kRMCSSgFM0NH4XmFuybs45dvjO%2BOkVW3wTwbtFKVoWtEg9I5i%2FNQVF2PkwNVQTjvuuozJlXqw9hImiZ9bDFM5z56PJGr%2BZzqXLUB2NGpDCc6vmeql1yueEkLmvA%2B6XThqA%2BJ1jwS29uNengQ%3D&appid=sports&appplt=aph&from=aph&channel=208000202030&format=json HTTP/1.1" 200 None
2019-02-20 17:33:12,407 - C:\Users\cherrylixh\PycharmProjects\ATP\cases\testExlogin.py[line:10] - INFO: login:None
2019-02-20 17:33:12,420 - C:/Users/cherrylixh/PycharmProjects/ATP/bin/runner.py[line:22] - INFO: success_count3
2019-02-20 17:33:12,420 - C:/Users/cherrylixh/PycharmProjects/ATP/bin/runner.py[line:23] - INFO: failure_count0
2019-02-20 17:38:41,203 - D:\Python37\lib\site-packages\urllib3\connectionpool.py[line:205] - DEBUG: Starting new HTTP connection (1): ppgateway.cp61.ott.cibntv.net:80
2019-02-20 17:38:41,349 - D:\Python37\lib\site-packages\urllib3\connectionpool.py[line:393] - DEBUG: http://ppgateway.cp61.ott.cibntv.net:80 "GET /ott-web/live/v1/showMatchEvent.do?sdspMatchId=259988 HTTP/1.1" 403 16
2019-02-20 17:38:41,354 - D:\Python37\lib\site-packages\urllib3\connectionpool.py[line:205] - DEBUG: Starting new HTTP connection (1): test.psi.ppqa.com:80
2019-02-20 17:38:41,759 - D:\Python37\lib\site-packages\urllib3\connectionpool.py[line:393] - DEBUG: http://test.psi.ppqa.com:80 "GET /staticMsg/getMsg?appName=pptv.atv.sports HTTP/1.1" 200 940
2019-02-20 17:38:41,762 - D:\Python37\lib\site-packages\urllib3\connectionpool.py[line:205] - DEBUG: Starting new HTTP connection (1): api.passport.pptv.com:80
2019-02-20 17:38:41,882 - D:\Python37\lib\site-packages\urllib3\connectionpool.py[line:393] - DEBUG: http://api.passport.pptv.com:80 "GET /pptvExLogin.do?_source=ppsports&apptype=android&appversion=5.8.2&encryptUsername=jMB3BkxC6CpPHPKnuR5KewCIgztuMI%2FIZlE1hDTQyErIjnUi0Mgd20GNvxhkl6%2FMXABiwBSGt6%2By1QD1HfGmiA2E2TweY7b9V3rbSWAYI1STlpM7CfGQDDS62kcffZVlzp5g9rzYz8ZKqH5Zzi504nS6GEPTFoEYThh%2BLsvGgY0%3D&encryptPassword=Cn2GZ1sCo4j4QlEoLXCUOdl%2Bm%2B3kRMCSSgFM0NH4XmFuybs45dvjO%2BOkVW3wTwbtFKVoWtEg9I5i%2FNQVF2PkwNVQTjvuuozJlXqw9hImiZ9bDFM5z56PJGr%2BZzqXLUB2NGpDCc6vmeql1yueEkLmvA%2B6XThqA%2BJ1jwS29uNengQ%3D&appid=sports&appplt=aph&from=aph&channel=208000202030&format=json HTTP/1.1" 200 None
2019-02-20 17:38:41,883 - C:\Users\cherrylixh\PycharmProjects\ATP\cases\testExlogin.py[line:10] - INFO: login:{"message":"%E6%88%90%E5%8A%9F","result":{"blogbound":[],"phoneBindingAvailable":"false","token":"bZGuhiQeSgsDNVO9cKCi-7eUd_RXeTBPE52K3kwDoxHqhYzmplZUMqwuOUD6Pso8lQ_qHIyLiCOp%0D%0AUP79v2or7AmnR3ZEBxk8jyylJlWDdQBJyGOerjjruJDdHe_vnMnRnSgwkyLs1uf51_xA5DNtzX0v%0D%0AZFyso3orBvPg66zd2Do%0D%0A","isUpFlag":0,"suningCode":0,"refreshToken":"8e00f7054f044c4588a6a08c82feb0cc","userprofile":{"birthday":"1993-06-27","status":0,"nickname":"Can%E6%96%87","street":"","education":"","city":"","createtime":"2016-06-30 15:10:09","facepic":"https%3A%2F%2Fimage.suning.cn%2Fuimg%2Fcmf%2Fcust_headpic%2F5931bd18b75ec3364baa23dca8f950a0_00_120x120.jpg%3Fv%3D28124618","username":"zxzx2017","level":1,"province":"","gender":"1","experience":0,"town":"","gradename":"PP%E6%B8%B8%E6%B0%91","credit":0},"vipinfo":{"viptype":"0","isyearvip":1,"servertime":"2019-02-20 17:38:41","validdate":"2027-04-13 23:59:59","privileges":[{"validdate":"2030-08-17 23:59:59","ptype":"noad","isvalid":1},{"validdate":"2030-08-17 23:59:59","ptype":"spdup","isvalid":1},{"validdate":"2030-08-17 23:59:59","ptype":"rtmp","isvalid":1},{"validdate":"2030-08-17 23:59:59","ptype":"viplib","isvalid":1},{"validdate":"2030-08-17 23:59:59","ptype":"brlib","isvalid":1},{"validdate":"2030-08-17 23:59:59","ptype":"ugsup","isvalid":1}],"viewSaveNum":150,"grade":10,"validates":[{"grade":1,"vipType":"vip","isValid":1,"validate":"2030-08-17 23:59:59"},{"grade":10,"vipType":"svip","isValid":1,"validate":"2027-04-13 23:59:59"}],"collectNum":500,"isvalid":1},"accountinfo":{"ppuid":"f4050749-98a4-4a2b-b285-67249dfc2db3","mail":"","ppid":"2621185897","securitylevel":"high","ismailbound":0,"lastlogin":"2000-01-01","passwordstrength":10,"idcard":"352225198210081539","isidcardbound":1,"phonenum":"18516235306","isphonebound":1},"isNewUser":false,"ppKey":"5%2BTMo%2BwJOTaXtNu%2B6YorxAHG3ZqDeuy0zF928rcKRFdShDwNdFR%2B6R%2Fraq1vrnBmVPXq3JV%2B1Sq9dlpF9LaZvSEBwQBCiay%2BN2cy1Pzi93bzmC9Ccn3b4NHbdEDdPJYQ%2BH005YlPJh%2BC6EbSdobAnsZHes0%2F9bDcWJwwF%2B1eSSM%3D","ip":"120.253.193.115"},"errorCode":0,"pollinfo":{"poll":600,"sessionid":"e4ddb1ca-b08a-4204-8628-bdce2e4015bb"}}
2019-02-20 17:38:41,901 - C:/Users/cherrylixh/PycharmProjects/ATP/bin/runner.py[line:22] - INFO: success_count3
2019-02-20 17:38:41,901 - C:/Users/cherrylixh/PycharmProjects/ATP/bin/runner.py[line:23] - INFO: failure_count0
2019-02-20 17:50:59,087 - D:\Python37\lib\site-packages\urllib3\connectionpool.py[line:205] - DEBUG: Starting new HTTP connection (1): ppgateway.cp61.ott.cibntv.net:80
2019-02-20 17:50:59,227 - D:\Python37\lib\site-packages\urllib3\connectionpool.py[line:393] - DEBUG: http://ppgateway.cp61.ott.cibntv.net:80 "GET /ott-web/live/v1/showMatchEvent.do?sdspMatchId=259988 HTTP/1.1" 200 None
2019-02-20 17:50:59,234 - D:\Python37\lib\site-packages\urllib3\connectionpool.py[line:205] - DEBUG: Starting new HTTP connection (1): test.psi.ppqa.com:80
2019-02-20 17:50:59,637 - D:\Python37\lib\site-packages\urllib3\connectionpool.py[line:393] - DEBUG: http://test.psi.ppqa.com:80 "GET /staticMsg/getMsg?appName=pptv.atv.sports HTTP/1.1" 200 940
2019-02-20 17:50:59,642 - D:\Python37\lib\site-packages\urllib3\connectionpool.py[line:205] - DEBUG: Starting new HTTP connection (1): api.passport.pptv.com:80
2019-02-20 17:50:59,761 - D:\Python37\lib\site-packages\urllib3\connectionpool.py[line:393] - DEBUG: http://api.passport.pptv.com:80 "GET /pptvExLogin.do?_source=ppsports&apptype=android&appversion=5.8.2&encryptUsername=jMB3BkxC6CpPHPKnuR5KewCIgztuMI%2FIZlE1hDTQyErIjnUi0Mgd20GNvxhkl6%2FMXABiwBSGt6%2By1QD1HfGmiA2E2TweY7b9V3rbSWAYI1STlpM7CfGQDDS62kcffZVlzp5g9rzYz8ZKqH5Zzi504nS6GEPTFoEYThh%2BLsvGgY0%3D&encryptPassword=Cn2GZ1sCo4j4QlEoLXCUOdl%2Bm%2B3kRMCSSgFM0NH4XmFuybs45dvjO%2BOkVW3wTwbtFKVoWtEg9I5i%2FNQVF2PkwNVQTjvuuozJlXqw9hImiZ9bDFM5z56PJGr%2BZzqXLUB2NGpDCc6vmeql1yueEkLmvA%2B6XThqA%2BJ1jwS29uNengQ%3D&appid=sports&appplt=aph&from=aph&channel=208000202030&format=json HTTP/1.1" 200 None
2019-02-20 17:50:59,763 - C:\Users\cherrylixh\PycharmProjects\ATP\cases\testExlogin.py[line:10] - INFO: login:{"message":"%E6%88%90%E5%8A%9F","result":{"blogbound":[],"phoneBindingAvailable":"false","token":"bF3c_mWPWmA3dL27d7E_3tyl-5HRok9BfkXTUrwu7AGppssys0iRtizBKG0BYn6AgcGp1vpODDgY%0D%0A9hl1sDC9WcgWkPp8WnLwsI0swYl5GgRimlrxD4LdkEB5rW8OKOXDmzY9_2FOwyPruHx-0PfG3CZW%0D%0A5mLe-KI2RSjSKphyQA0%0D%0A","isUpFlag":0,"suningCode":0,"refreshToken":"21153ed5e0504fdbbcdd4da6ec103066","userprofile":{"birthday":"1993-06-27","status":0,"nickname":"Can%E6%96%87","street":"","education":"","city":"","createtime":"2016-06-30 15:10:09","facepic":"https%3A%2F%2Fimage.suning.cn%2Fuimg%2Fcmf%2Fcust_headpic%2F5931bd18b75ec3364baa23dca8f950a0_00_120x120.jpg%3Fv%3D28124618","username":"zxzx2017","level":1,"province":"","gender":"1","experience":0,"town":"","gradename":"PP%E6%B8%B8%E6%B0%91","credit":0},"vipinfo":{"viptype":"0","isyearvip":1,"servertime":"2019-02-20 17:50:59","validdate":"2027-04-13 23:59:59","privileges":[{"validdate":"2030-08-17 23:59:59","ptype":"noad","isvalid":1},{"validdate":"2030-08-17 23:59:59","ptype":"spdup","isvalid":1},{"validdate":"2030-08-17 23:59:59","ptype":"rtmp","isvalid":1},{"validdate":"2030-08-17 23:59:59","ptype":"viplib","isvalid":1},{"validdate":"2030-08-17 23:59:59","ptype":"brlib","isvalid":1},{"validdate":"2030-08-17 23:59:59","ptype":"ugsup","isvalid":1}],"viewSaveNum":150,"grade":10,"validates":[{"grade":1,"vipType":"vip","isValid":1,"validate":"2030-08-17 23:59:59"},{"grade":10,"vipType":"svip","isValid":1,"validate":"2027-04-13 23:59:59"}],"collectNum":500,"isvalid":1},"accountinfo":{"ppuid":"f4050749-98a4-4a2b-b285-67249dfc2db3","mail":"","ppid":"2621185897","securitylevel":"high","ismailbound":0,"lastlogin":"2000-01-01","passwordstrength":10,"idcard":"352225198210081539","isidcardbound":1,"phonenum":"18516235306","isphonebound":1},"isNewUser":false,"ppKey":"5%2BTMo%2BwJOTaXtNu%2B6YorxAHG3ZqDeuy0zF928rcKRFdShDwNdFR%2B6R%2Fraq1vrnBmVPXq3JV%2B1Sp7QeTWyCAh9sFdyQFbGp%2FOTU0ntwJHGTBI44CKhXk74LGgwZtwN%2B2HUkvd62U2h0ojCki%2FYQkKPwNzx4SORFsOK3VH4XVj3Qs%3D","ip":"120.253.193.115"},"errorCode":0,"pollinfo":{"poll":600,"sessionid":"055f9565-4109-4e01-979a-999392b2943c"}}
2019-02-20 17:50:59,784 - C:/Users/cherrylixh/PycharmProjects/ATP/bin/runner.py[line:22] - INFO: success_count3
2019-02-20 17:50:59,784 - C:/Users/cherrylixh/PycharmProjects/ATP/bin/runner.py[line:23] - INFO: failure_count0
2019-02-20 17:52:50,417 - D:\Python37\lib\site-packages\urllib3\connectionpool.py[line:205] - DEBUG: Starting new HTTP connection (1): ppgateway.cp61.ott.cibntv.net:80
2019-02-20 17:52:50,518 - D:\Python37\lib\site-packages\urllib3\connectionpool.py[line:393] - DEBUG: http://ppgateway.cp61.ott.cibntv.net:80 "GET /ott-web/live/v1/showMatchEvent.do?sdspMatchId=259988 HTTP/1.1" 200 None
2019-02-20 17:52:50,521 - D:\Python37\lib\site-packages\urllib3\connectionpool.py[line:205] - DEBUG: Starting new HTTP connection (1): test.psi.ppqa.com:80
2019-02-20 17:52:50,970 - D:\Python37\lib\site-packages\urllib3\connectionpool.py[line:393] - DEBUG: http://test.psi.ppqa.com:80 "GET /staticMsg/getMsg?appName=pptv.atv.sports HTTP/1.1" 200 940
2019-02-20 17:52:50,976 - D:\Python37\lib\site-packages\urllib3\connectionpool.py[line:205] - DEBUG: Starting new HTTP connection (1): api.passport.pptv.com:80
2019-02-20 17:52:51,099 - D:\Python37\lib\site-packages\urllib3\connectionpool.py[line:393] - DEBUG: http://api.passport.pptv.com:80 "GET /pptvExLogin.do?_source=ppsports&apptype=android&appversion=5.8.2&encryptUsername=jMB3BkxC6CpPHPKnuR5KewCIgztuMI%2FIZlE1hDTQyErIjnUi0Mgd20GNvxhkl6%2FMXABiwBSGt6%2By1QD1HfGmiA2E2TweY7b9V3rbSWAYI1STlpM7CfGQDDS62kcffZVlzp5g9rzYz8ZKqH5Zzi504nS6GEPTFoEYThh%2BLsvGgY0%3D&encryptPassword=Cn2GZ1sCo4j4QlEoLXCUOdl%2Bm%2B3kRMCSSgFM0NH4XmFuybs45dvjO%2BOkVW3wTwbtFKVoWtEg9I5i%2FNQVF2PkwNVQTjvuuozJlXqw9hImiZ9bDFM5z56PJGr%2BZzqXLUB2NGpDCc6vmeql1yueEkLmvA%2B6XThqA%2BJ1jwS29uNengQ%3D&appid=sports&appplt=aph&from=aph&channel=208000202030&format=json HTTP/1.1" 200 None
2019-02-20 17:52:51,101 - C:\Users\cherrylixh\PycharmProjects\ATP\cases\testExlogin.py[line:10] - INFO: login:{"message":"%E6%88%90%E5%8A%9F","result":{"blogbound":[],"phoneBindingAvailable":"false","token":"WB8m1lhyH0iqJnY50cZo3cQVlAaTlkXUSiM_4uVLSI1bA88X_MnE3z3Y_uhHL-0Xktnkgmr9WDfR%0D%0AxkBQ-nT5qWx6W6krMmXewSnqCrj3U9tgsr_JQ0qh_QR8Dy5ITmA4z0sBhsCoFBB8C2uYhHuHuYBS%0D%0A8Po3K9yjyJRsBGkrmHY%0D%0A","isUpFlag":0,"suningCode":0,"refreshToken":"2775cf3aaf7643fe955f31ffa17c53ca","userprofile":{"birthday":"1993-06-27","status":0,"nickname":"Can%E6%96%87","street":"","education":"","city":"","createtime":"2016-06-30 15:10:09","facepic":"https%3A%2F%2Fimage.suning.cn%2Fuimg%2Fcmf%2Fcust_headpic%2F5931bd18b75ec3364baa23dca8f950a0_00_120x120.jpg%3Fv%3D28124618","username":"zxzx2017","level":1,"province":"","gender":"1","experience":0,"town":"","gradename":"PP%E6%B8%B8%E6%B0%91","credit":0},"vipinfo":{"viptype":"0","isyearvip":1,"servertime":"2019-02-20 17:52:51","validdate":"2027-04-13 23:59:59","privileges":[{"validdate":"2030-08-17 23:59:59","ptype":"noad","isvalid":1},{"validdate":"2030-08-17 23:59:59","ptype":"spdup","isvalid":1},{"validdate":"2030-08-17 23:59:59","ptype":"rtmp","isvalid":1},{"validdate":"2030-08-17 23:59:59","ptype":"viplib","isvalid":1},{"validdate":"2030-08-17 23:59:59","ptype":"brlib","isvalid":1},{"validdate":"2030-08-17 23:59:59","ptype":"ugsup","isvalid":1}],"viewSaveNum":150,"grade":10,"validates":[{"grade":1,"vipType":"vip","isValid":1,"validate":"2030-08-17 23:59:59"},{"grade":10,"vipType":"svip","isValid":1,"validate":"2027-04-13 23:59:59"}],"collectNum":500,"isvalid":1},"accountinfo":{"ppuid":"f4050749-98a4-4a2b-b285-67249dfc2db3","mail":"","ppid":"2621185897","securitylevel":"high","ismailbound":0,"lastlogin":"2000-01-01","passwordstrength":10,"idcard":"352225198210081539","isidcardbound":1,"phonenum":"18516235306","isphonebound":1},"isNewUser":false,"ppKey":"5%2BTMo%2BwJOTaXtNu%2B6YorxAHG3ZqDeuy0zF928rcKRFdShDwNdFR%2B6R%2Fraq1vrnBmVPXq3JV%2B1SpN8IqA5vfVIQdeyfMBjHEVi%2B6IZegyoecR%2FoRiJHm2M43U95m11gkmBHs00TltLbDChWGUmNVKK%2Flu5Av9MU77Dkl9ysIrrjQ%3D","ip":"120.253.193.115"},"errorCode":0,"pollinfo":{"poll":600,"sessionid":"616f47c1-f604-4f58-9140-03f59388f0cd"}}
2019-02-20 17:52:51,125 - C:/Users/cherrylixh/PycharmProjects/ATP/bin/runner.py[line:22] - INFO: success_count2
2019-02-20 17:52:51,125 - C:/Users/cherrylixh/PycharmProjects/ATP/bin/runner.py[line:23] - INFO: failure_count1
2019-02-20 17:58:44,125 - D:\Python37\lib\site-packages\urllib3\connectionpool.py[line:205] - DEBUG: Starting new HTTP connection (1): ppgateway.cp61.ott.cibntv.net:80
2019-02-20 17:58:44,200 - D:\Python37\lib\site-packages\urllib3\connectionpool.py[line:393] - DEBUG: http://ppgateway.cp61.ott.cibntv.net:80 "GET /ott-web/live/v1/showMatchEvent.do?sdspMatchId=259988 HTTP/1.1" 200 None
2019-02-20 17:58:44,203 - D:\Python37\lib\site-packages\urllib3\connectionpool.py[line:205] - DEBUG: Starting new HTTP connection (1): test.psi.ppqa.com:80
2019-02-20 17:58:44,658 - D:\Python37\lib\site-packages\urllib3\connectionpool.py[line:393] - DEBUG: http://test.psi.ppqa.com:80 "GET /staticMsg/getMsg?appName=pptv.atv.sports HTTP/1.1" 200 940
2019-02-20 17:58:44,663 - D:\Python37\lib\site-packages\urllib3\connectionpool.py[line:205] - DEBUG: Starting new HTTP connection (1): api.passport.pptv.com:80
2019-02-20 17:58:44,804 - D:\Python37\lib\site-packages\urllib3\connectionpool.py[line:393] - DEBUG: http://api.passport.pptv.com:80 "GET /pptvExLogin.do?_source=ppsports&apptype=android&appversion=5.8.2&encryptUsername=jMB3BkxC6CpPHPKnuR5KewCIgztuMI%2FIZlE1hDTQyErIjnUi0Mgd20GNvxhkl6%2FMXABiwBSGt6%2By1QD1HfGmiA2E2TweY7b9V3rbSWAYI1STlpM7CfGQDDS62kcffZVlzp5g9rzYz8ZKqH5Zzi504nS6GEPTFoEYThh%2BLsvGgY0%3D&encryptPassword=Cn2GZ1sCo4j4QlEoLXCUOdl%2Bm%2B3kRMCSSgFM0NH4XmFuybs45dvjO%2BOkVW3wTwbtFKVoWtEg9I5i%2FNQVF2PkwNVQTjvuuozJlXqw9hImiZ9bDFM5z56PJGr%2BZzqXLUB2NGpDCc6vmeql1yueEkLmvA%2B6XThqA%2BJ1jwS29uNengQ%3D&appid=sports&appplt=aph&from=aph&channel=208000202030&format=json HTTP/1.1" 200 None
2019-02-20 17:58:44,806 - C:\Users\cherrylixh\PycharmProjects\ATP\cases\testExlogin.py[line:10] - INFO: login:<Response [200]>
2019-02-20 17:58:44,827 - C:/Users/cherrylixh/PycharmProjects/ATP/bin/runner.py[line:22] - INFO: success_count2
2019-02-20 17:58:44,827 - C:/Users/cherrylixh/PycharmProjects/ATP/bin/runner.py[line:23] - INFO: failure_count1
2019-02-20 18:01:08,255 - D:\Python37\lib\site-packages\urllib3\connectionpool.py[line:205] - DEBUG: Starting new HTTP connection (1): ppgateway.cp61.ott.cibntv.net:80
2019-02-20 18:01:08,343 - D:\Python37\lib\site-packages\urllib3\connectionpool.py[line:393] - DEBUG: http://ppgateway.cp61.ott.cibntv.net:80 "GET /ott-web/live/v1/showMatchEvent.do?sdspMatchId=259988 HTTP/1.1" 200 None
2019-02-20 18:01:08,346 - D:\Python37\lib\site-packages\urllib3\connectionpool.py[line:205] - DEBUG: Starting new HTTP connection (1): test.psi.ppqa.com:80
2019-02-20 18:01:08,743 - D:\Python37\lib\site-packages\urllib3\connectionpool.py[line:393] - DEBUG: http://test.psi.ppqa.com:80 "GET /staticMsg/getMsg?appName=pptv.atv.sports HTTP/1.1" 200 940
2019-02-20 18:01:08,749 - D:\Python37\lib\site-packages\urllib3\connectionpool.py[line:205] - DEBUG: Starting new HTTP connection (1): api.passport.pptv.com:80
2019-02-20 18:01:10,108 - D:\Python37\lib\site-packages\urllib3\connectionpool.py[line:393] - DEBUG: http://api.passport.pptv.com:80 "GET /pptvExLogin.do?_source=ppsports&apptype=android&appversion=5.8.2&encryptUsername=jMB3BkxC6CpPHPKnuR5KewCIgztuMI%2FIZlE1hDTQyErIjnUi0Mgd20GNvxhkl6%2FMXABiwBSGt6%2By1QD1HfGmiA2E2TweY7b9V3rbSWAYI1STlpM7CfGQDDS62kcffZVlzp5g9rzYz8ZKqH5Zzi504nS6GEPTFoEYThh%2BLsvGgY0%3D&encryptPassword=Cn2GZ1sCo4j4QlEoLXCUOdl%2Bm%2B3kRMCSSgFM0NH4XmFuybs45dvjO%2BOkVW3wTwbtFKVoWtEg9I5i%2FNQVF2PkwNVQTjvuuozJlXqw9hImiZ9bDFM5z56PJGr%2BZzqXLUB2NGpDCc6vmeql1yueEkLmvA%2B6XThqA%2BJ1jwS29uNengQ%3D&appid=sports&appplt=aph&from=aph&channel=208000202030&format=json HTTP/1.1" 200 None
2019-02-20 18:01:10,109 - C:\Users\cherrylixh\PycharmProjects\ATP\cases\testExlogin.py[line:10] - INFO: login:<Response [200]>
2019-02-20 18:01:10,131 - C:/Users/cherrylixh/PycharmProjects/ATP/bin/runner.py[line:22] - INFO: success_count2
2019-02-20 18:01:10,131 - C:/Users/cherrylixh/PycharmProjects/ATP/bin/runner.py[line:23] - INFO: failure_count1
2019-02-20 18:08:56,275 - D:\Python37\lib\site-packages\urllib3\connectionpool.py[line:205] - DEBUG: Starting new HTTP connection (1): ppgateway.cp61.ott.cibntv.net:80
2019-02-20 18:08:56,455 - D:\Python37\lib\site-packages\urllib3\connectionpool.py[line:393] - DEBUG: http://ppgateway.cp61.ott.cibntv.net:80 "GET /ott-web/live/v1/showMatchEvent.do?sdspMatchId=259988 HTTP/1.1" 403 16
2019-02-20 18:08:56,461 - D:\Python37\lib\site-packages\urllib3\connectionpool.py[line:205] - DEBUG: Starting new HTTP connection (1): test.psi.ppqa.com:80
2019-02-20 18:08:56,860 - D:\Python37\lib\site-packages\urllib3\connectionpool.py[line:393] - DEBUG: http://test.psi.ppqa.com:80 "GET /staticMsg/getMsg?appName=pptv.atv.sports HTTP/1.1" 200 940
2019-02-20 18:08:56,865 - D:\Python37\lib\site-packages\urllib3\connectionpool.py[line:205] - DEBUG: Starting new HTTP connection (1): api.passport.pptv.com:80
2019-02-20 18:08:57,024 - D:\Python37\lib\site-packages\urllib3\connectionpool.py[line:393] - DEBUG: http://api.passport.pptv.com:80 "GET /pptvExLogin.do?_source=ppsports&apptype=android&appversion=5.8.2&encryptUsername=jMB3BkxC6CpPHPKnuR5KewCIgztuMI%2FIZlE1hDTQyErIjnUi0Mgd20GNvxhkl6%2FMXABiwBSGt6%2By1QD1HfGmiA2E2TweY7b9V3rbSWAYI1STlpM7CfGQDDS62kcffZVlzp5g9rzYz8ZKqH5Zzi504nS6GEPTFoEYThh%2BLsvGgY0%3D&encryptPassword=Cn2GZ1sCo4j4QlEoLXCUOdl%2Bm%2B3kRMCSSgFM0NH4XmFuybs45dvjO%2BOkVW3wTwbtFKVoWtEg9I5i%2FNQVF2PkwNVQTjvuuozJlXqw9hImiZ9bDFM5z56PJGr%2BZzqXLUB2NGpDCc6vmeql1yueEkLmvA%2B6XThqA%2BJ1jwS29uNengQ%3D&appid=sports&appplt=aph&from=aph&channel=208000202030&format=json HTTP/1.1" 200 None
2019-02-20 18:08:57,028 - C:\Users\cherrylixh\PycharmProjects\ATP\cases\testExlogin.py[line:10] - INFO: login:<Response [200]>
2019-02-20 18:08:57,052 - C:/Users/cherrylixh/PycharmProjects/ATP/bin/runner.py[line:22] - INFO: success_count2
2019-02-20 18:08:57,052 - C:/Users/cherrylixh/PycharmProjects/ATP/bin/runner.py[line:23] - INFO: failure_count1
2019-02-20 18:11:06,402 - D:\Python37\lib\site-packages\urllib3\connectionpool.py[line:205] - DEBUG: Starting new HTTP connection (1): ppgateway.cp61.ott.cibntv.net:80
2019-02-20 18:11:06,476 - D:\Python37\lib\site-packages\urllib3\connectionpool.py[line:393] - DEBUG: http://ppgateway.cp61.ott.cibntv.net:80 "GET /ott-web/live/v1/showMatchEvent.do?sdspMatchId=259988 HTTP/1.1" 200 None
2019-02-20 18:11:06,482 - D:\Python37\lib\site-packages\urllib3\connectionpool.py[line:205] - DEBUG: Starting new HTTP connection (1): test.psi.ppqa.com:80
2019-02-20 18:11:06,937 - D:\Python37\lib\site-packages\urllib3\connectionpool.py[line:393] - DEBUG: http://test.psi.ppqa.com:80 "GET /staticMsg/getMsg?appName=pptv.atv.sports HTTP/1.1" 200 940
2019-02-20 18:11:06,940 - D:\Python37\lib\site-packages\urllib3\connectionpool.py[line:205] - DEBUG: Starting new HTTP connection (1): api.passport.pptv.com:80
2019-02-20 18:11:07,057 - D:\Python37\lib\site-packages\urllib3\connectionpool.py[line:393] - DEBUG: http://api.passport.pptv.com:80 "GET /pptvExLogin.do?_source=ppsports&apptype=android&appversion=5.8.2&encryptUsername=jMB3BkxC6CpPHPKnuR5KewCIgztuMI%2FIZlE1hDTQyErIjnUi0Mgd20GNvxhkl6%2FMXABiwBSGt6%2By1QD1HfGmiA2E2TweY7b9V3rbSWAYI1STlpM7CfGQDDS62kcffZVlzp5g9rzYz8ZKqH5Zzi504nS6GEPTFoEYThh%2BLsvGgY0%3D&encryptPassword=Cn2GZ1sCo4j4QlEoLXCUOdl%2Bm%2B3kRMCSSgFM0NH4XmFuybs45dvjO%2BOkVW3wTwbtFKVoWtEg9I5i%2FNQVF2PkwNVQTjvuuozJlXqw9hImiZ9bDFM5z56PJGr%2BZzqXLUB2NGpDCc6vmeql1yueEkLmvA%2B6XThqA%2BJ1jwS29uNengQ%3D&appid=sports&appplt=aph&from=aph&channel=208000202030&format=json HTTP/1.1" 200 None
2019-02-20 18:11:07,058 - C:\Users\cherrylixh\PycharmProjects\ATP\cases\testExlogin.py[line:10] - INFO: login:<Response [200]>
2019-02-20 18:11:07,059 - C:\Users\cherrylixh\PycharmProjects\ATP\cases\testExlogin.py[line:12] - INFO: token:skO5uI-_fZDHR--8dHyqDvVefLJxiEohUgHNJEEWCaoHRqm09ijDZEZz7UY1Do7QFS75_1UaYjK6%0D%0AGxEWD9vN9JK3VfPyQQpIip6liLEw6rPyRdfyyAbXttXaWZDUfb6W3wTsfWHgsvdfrxVVle4jU6AM%0D%0ADDm--3N7UGKiV-6GVfE%0D%0A
2019-02-20 18:11:07,076 - C:/Users/cherrylixh/PycharmProjects/ATP/bin/runner.py[line:22] - INFO: success_count3
2019-02-20 18:11:07,076 - C:/Users/cherrylixh/PycharmProjects/ATP/bin/runner.py[line:23] - INFO: failure_count0
2019-02-20 18:17:24,786 - D:\Python37\lib\site-packages\urllib3\connectionpool.py[line:205] - DEBUG: Starting new HTTP connection (1): ppgateway.cp61.ott.cibntv.net:80
2019-02-20 18:17:24,893 - D:\Python37\lib\site-packages\urllib3\connectionpool.py[line:393] - DEBUG: http://ppgateway.cp61.ott.cibntv.net:80 "GET /ott-web/live/v1/showMatchEvent.do?sdspMatchId=259988 HTTP/1.1" 200 None
2019-02-20 18:17:24,896 - D:\Python37\lib\site-packages\urllib3\connectionpool.py[line:205] - DEBUG: Starting new HTTP connection (1): test.psi.ppqa.com:80
2019-02-20 18:17:25,351 - D:\Python37\lib\site-packages\urllib3\connectionpool.py[line:393] - DEBUG: http://test.psi.ppqa.com:80 "GET /staticMsg/getMsg?appName=pptv.atv.sports HTTP/1.1" 200 940
2019-02-20 18:17:25,356 - D:\Python37\lib\site-packages\urllib3\connectionpool.py[line:205] - DEBUG: Starting new HTTP connection (1): api.passport.pptv.com:80
2019-02-20 18:17:25,499 - D:\Python37\lib\site-packages\urllib3\connectionpool.py[line:393] - DEBUG: http://api.passport.pptv.com:80 "GET /pptvExLogin.do?_source=ppsports&apptype=android&appversion=5.8.2&encryptUsername=jMB3BkxC6CpPHPKnuR5KewCIgztuMI%2FIZlE1hDTQyErIjnUi0Mgd20GNvxhkl6%2FMXABiwBSGt6%2By1QD1HfGmiA2E2TweY7b9V3rbSWAYI1STlpM7CfGQDDS62kcffZVlzp5g9rzYz8ZKqH5Zzi504nS6GEPTFoEYThh%2BLsvGgY0%3D&encryptPassword=Cn2GZ1sCo4j4QlEoLXCUOdl%2Bm%2B3kRMCSSgFM0NH4XmFuybs45dvjO%2BOkVW3wTwbtFKVoWtEg9I5i%2FNQVF2PkwNVQTjvuuozJlXqw9hImiZ9bDFM5z56PJGr%2BZzqXLUB2NGpDCc6vmeql1yueEkLmvA%2B6XThqA%2BJ1jwS29uNengQ%3D&appid=sports&appplt=aph&from=aph&channel=208000202030&format=json HTTP/1.1" 200 None
2019-02-20 18:17:25,499 - C:\Users\cherrylixh\PycharmProjects\ATP\cases\testExlogin.py[line:11] - INFO: login:<Response [200]>
2019-02-20 18:17:25,500 - C:\Users\cherrylixh\PycharmProjects\ATP\cases\testExlogin.py[line:13] - INFO: token:qqJwZZAS-bXJq0e8u3RKaw4Wf30wsgmASId7ERW0bXGpmg6URPJ78fiX4iyVBWjw2MqHl7MJZ2yr%0D%0Ae9HNB7pmOiEoxBBKRh8MC8EUU8ONhxPZEb-YBoLj4Ar9Igx4ZuIGyfOf3cynfDkvH06ClNhqqmnw%0D%0AOojNcwpfYOslPt58728%0D%0A
2019-02-20 18:17:25,511 - C:/Users/cherrylixh/PycharmProjects/ATP/bin/runner.py[line:22] - INFO: success_count3
2019-02-20 18:17:25,512 - C:/Users/cherrylixh/PycharmProjects/ATP/bin/runner.py[line:23] - INFO: failure_count0
2019-02-20 19:02:51,623 - D:\Python37\lib\site-packages\urllib3\connectionpool.py[line:205] - DEBUG: Starting new HTTP connection (1): ppgateway.cp61.ott.cibntv.net:80
2019-02-20 19:02:51,762 - D:\Python37\lib\site-packages\urllib3\connectionpool.py[line:393] - DEBUG: http://ppgateway.cp61.ott.cibntv.net:80 "GET /ott-web/live/v1/showMatchEvent.do?sdspMatchId=259988 HTTP/1.1" 403 16
2019-02-20 19:02:51,768 - D:\Python37\lib\site-packages\urllib3\connectionpool.py[line:205] - DEBUG: Starting new HTTP connection (1): test.psi.ppqa.com:80
2019-02-20 19:02:52,222 - D:\Python37\lib\site-packages\urllib3\connectionpool.py[line:393] - DEBUG: http://test.psi.ppqa.com:80 "GET /staticMsg/getMsg?appName=pptv.atv.sports HTTP/1.1" 200 940
2019-02-20 19:02:52,228 - D:\Python37\lib\site-packages\urllib3\connectionpool.py[line:205] - DEBUG: Starting new HTTP connection (1): api.passport.pptv.com:80
2019-02-20 19:02:52,294 - D:\Python37\lib\site-packages\urllib3\connectionpool.py[line:393] - DEBUG: http://api.passport.pptv.com:80 "GET /pptvExLogin.do?_source=ppsports&apptype=android&appversion=5.8.2&encryptUsername=jMB3BkxC6CpPHPKnuR5KewCIgztuMI%252FIZlE1hDTQyErIjnUi0Mgd20GNvxhkl6%252FMXABiwBSGt6%252By1QD1HfGmiA2E2TweY7b9V3rbSWAYI1STlpM7CfGQDDS62kcffZVlzp5g9rzYz8ZKqH5Zzi504nS6GEPTFoEYThh%252BLsvGgY0%253D&encryptPassword=Cn2GZ1sCo4j4QlEoLXCUOdl%252Bm%252B3kRMCSSgFM0NH4XmFuybs45dvjO%252BOkVW3wTwbtFKVoWtEg9I5i%252FNQVF2PkwNVQTjvuuozJlXqw9hImiZ9bDFM5z56PJGr%252BZzqXLUB2NGpDCc6vmeql1yueEkLmvA%252B6XThqA%252BJ1jwS29uNengQ%253D&appid=sports&appplt=aph&from=aph&channel=208000202030&format=json HTTP/1.1" 200 None
2019-02-20 19:02:52,295 - C:\Users\cherrylixh\PycharmProjects\ATP\cases\testExlogin.py[line:11] - INFO: login:<Response [200]>
2019-02-20 19:02:52,295 - C:\Users\cherrylixh\PycharmProjects\ATP\cases\testExlogin.py[line:13] - INFO: token:
2019-02-20 19:02:52,306 - C:/Users/cherrylixh/PycharmProjects/ATP/bin/runner.py[line:22] - INFO: success_count3
2019-02-20 19:02:52,306 - C:/Users/cherrylixh/PycharmProjects/ATP/bin/runner.py[line:23] - INFO: failure_count0
2019-02-21 10:57:44,258 - D:\Python37\lib\site-packages\urllib3\connectionpool.py[line:205] - DEBUG: Starting new HTTP connection (1): ppgateway.cp61.ott.cibntv.net:80
2019-02-21 10:57:44,402 - D:\Python37\lib\site-packages\urllib3\connectionpool.py[line:393] - DEBUG: http://ppgateway.cp61.ott.cibntv.net:80 "GET /ott-web/live/v1/showMatchEvent.do?sdspMatchId=259988 HTTP/1.1" 403 16
2019-02-21 10:57:44,407 - D:\Python37\lib\site-packages\urllib3\connectionpool.py[line:205] - DEBUG: Starting new HTTP connection (1): test.psi.ppqa.com:80
2019-02-21 10:57:44,860 - D:\Python37\lib\site-packages\urllib3\connectionpool.py[line:393] - DEBUG: http://test.psi.ppqa.com:80 "GET /staticMsg/getMsg?appName=pptv.atv.sports HTTP/1.1" 200 940
2019-02-21 10:57:44,887 - C:/Users/cherrylixh/PycharmProjects/ATP/bin/runner.py[line:23] - INFO: success_count2
2019-02-21 10:57:44,887 - C:/Users/cherrylixh/PycharmProjects/ATP/bin/runner.py[line:24] - INFO: failure_count1
2019-02-21 10:58:43,900 - C:/Users/cherrylixh/PycharmProjects/ATP/bin/runner.py[line:23] - INFO: success_count0
2019-02-21 10:58:43,900 - C:/Users/cherrylixh/PycharmProjects/ATP/bin/runner.py[line:24] - INFO: failure_count1
2019-02-21 11:10:48,004 - C:/Users/cherrylixh/PycharmProjects/ATP/bin/runner.py[line:23] - INFO: success_count0
2019-02-21 11:10:48,004 - C:/Users/cherrylixh/PycharmProjects/ATP/bin/runner.py[line:24] - INFO: failure_count1
2019-02-21 11:13:16,946 - C:\Users\cherrylixh\PycharmProjects\ATP\cases\testGetinfo.py[line:20] - INFO: token:
2019-02-21 11:13:16,962 - C:/Users/cherrylixh/PycharmProjects/ATP/bin/runner.py[line:23] - INFO: success_count0
2019-02-21 11:13:16,963 - C:/Users/cherrylixh/PycharmProjects/ATP/bin/runner.py[line:24] - INFO: failure_count1
2019-02-21 11:14:45,329 - C:\Users\cherrylixh\PycharmProjects\ATP\cases\testGetinfo.py[line:20] - INFO: token:
2019-02-21 11:14:45,332 - C:\Users\cherrylixh\PycharmProjects\ATP\cases\testGetinfo.py[line:37] - ERROR: Invalid URL '/pptvExLogin.do': No schema supplied. Perhaps you meant http:///pptvExLogin.do?
2019-02-21 11:14:45,345 - C:/Users/cherrylixh/PycharmProjects/ATP/bin/runner.py[line:23] - INFO: success_count0
2019-02-21 11:14:45,345 - C:/Users/cherrylixh/PycharmProjects/ATP/bin/runner.py[line:24] - INFO: failure_count1
2019-02-21 11:17:01,225 - C:\Users\cherrylixh\PycharmProjects\ATP\cases\testGetinfo.py[line:22] - INFO: token:
2019-02-21 11:17:01,229 - D:\Python37\lib\site-packages\urllib3\connectionpool.py[line:205] - DEBUG: Starting new HTTP connection (1): api.passport.pptv.com:80
2019-02-21 11:17:01,297 - D:\Python37\lib\site-packages\urllib3\connectionpool.py[line:393] - DEBUG: http://api.passport.pptv.com:80 "GET /pptvExLogin.do?_source=ppsports&apptype=android&appversion=5.8.2&encryptUsername=jMB3BkxC6CpPHPKnuR5KewCIgztuMI%252FIZlE1hDTQyErIjnUi0Mgd20GNvxhkl6%252FMXABiwBSGt6%252By1QD1HfGmiA2E2TweY7b9V3rbSWAYI1STlpM7CfGQDDS62kcffZVlzp5g9rzYz8ZKqH5Zzi504nS6GEPTFoEYThh%252BLsvGgY0%253D&encryptPassword=Cn2GZ1sCo4j4QlEoLXCUOdl%252Bm%252B3kRMCSSgFM0NH4XmFuybs45dvjO%252BOkVW3wTwbtFKVoWtEg9I5i%252FNQVF2PkwNVQTjvuuozJlXqw9hImiZ9bDFM5z56PJGr%252BZzqXLUB2NGpDCc6vmeql1yueEkLmvA%252B6XThqA%252BJ1jwS29uNengQ%253D&appid=sports&appplt=aph&from=aph&channel=208000202030&format=json&token= HTTP/1.1" 200 None
2019-02-21 11:17:01,309 - C:/Users/cherrylixh/PycharmProjects/ATP/bin/runner.py[line:23] - INFO: success_count1
2019-02-21 11:17:01,309 - C:/Users/cherrylixh/PycharmProjects/ATP/bin/runner.py[line:24] - INFO: failure_count0
